<?xml version="1.0" encoding="UTF-8"?>
<!-- Generated by org.testng.reporters.JUnitReportReporter -->
<testsuite skipped="0" hostname="DESKTOP-70M1UJL" name="com.emp.Tests.EmployeeTest" tests="4" failures="0" timestamp="02 Mar 2020 06:15:54 GMT" time="12.446" errors="0">
  <testcase name="createEmployeeTest" time="3.530" classname="com.emp.Tests.EmployeeTest"/>
  <testcase name="createEmployeeTest" time="2.942" classname="com.emp.Tests.EmployeeTest"/>
  <testcase name="updateEmployeeTest" time="2.377" classname="com.emp.Tests.EmployeeTest"/>
  <testcase name="deleteEmployeeTest" time="3.597" classname="com.emp.Tests.EmployeeTest"/>
</testsuite> <!-- com.emp.Tests.EmployeeTest -->
